time boogie /z3opt:smt.RELEVANCY=0 /z3opt:smt.CASE_SPLIT=0 /errorLimit:1  /xml:build/CPU.xml Types.bpl ../Common/Types.bpl ../Common/Cache.bpl CPU.bpl CPUImpl.bpl
Boogie program verifier version 2.3.0.61016, Copyright (c) 2003-2014, Microsoft.

Boogie program verifier finished with 8 verified, 0 errors
4.22user 0.05system 0:04.46elapsed 95%CPU (0avgtext+0avgdata 59956maxresident)k
48inputs+0outputs (1major+17032minor)pagefaults 0swaps
time boogie /z3opt:smt.RELEVANCY=0 /z3opt:smt.CASE_SPLIT=0 /errorLimit:1  /xml:build/Measure.xml Measure.bpl ProofCommon.bpl CPU.bpl Types.bpl ../Common/Types.bpl ../Common/Cache.bpl
Boogie program verifier version 2.3.0.61016, Copyright (c) 2003-2014, Microsoft.

Boogie program verifier finished with 1 verified, 0 errors
0.77user 0.02system 0:00.92elapsed 85%CPU (0avgtext+0avgdata 60164maxresident)k
176inputs+0outputs (1major+13286minor)pagefaults 0swaps
time boogie /z3opt:smt.RELEVANCY=0 /z3opt:smt.CASE_SPLIT=0 /errorLimit:1  /xml:build/ProofCommon.xml ProofCommon.bpl CPU.bpl Types.bpl ../Common/Types.bpl ../Common/Cache.bpl ImplCommon.bpl
Boogie program verifier version 2.3.0.61016, Copyright (c) 2003-2014, Microsoft.

Boogie program verifier finished with 2 verified, 0 errors
5.39user 0.02system 0:05.42elapsed 99%CPU (0avgtext+0avgdata 93384maxresident)k
24inputs+0outputs (0major+31441minor)pagefaults 0swaps
time boogie /z3opt:smt.RELEVANCY=0 /z3opt:smt.CASE_SPLIT=0 /errorLimit:1  /xml:build/IntegrityProof.xml Types.bpl ../Common/Types.bpl ../Common/Cache.bpl CPU.bpl IntegrityProof.bpl ProofCommon.bpl
Boogie program verifier version 2.3.0.61016, Copyright (c) 2003-2014, Microsoft.

Boogie program verifier finished with 1 verified, 0 errors
21.36user 0.04system 0:21.54elapsed 99%CPU (0avgtext+0avgdata 226800maxresident)k
48inputs+0outputs (0major+61108minor)pagefaults 0swaps
time boogie /z3opt:smt.RELEVANCY=0 /z3opt:smt.CASE_SPLIT=0 /errorLimit:1  /xml:build/MemConfidentialityProof.xml Types.bpl ../Common/Types.bpl ../Common/Cache.bpl CPU.bpl ConfidentialityProof.bpl ProofCommon.bpl MemConfidentialityProof.bpl
Boogie program verifier version 2.3.0.61016, Copyright (c) 2003-2014, Microsoft.

Boogie program verifier finished with 1 verified, 0 errors
32.29user 0.12system 0:32.70elapsed 99%CPU (0avgtext+0avgdata 215560maxresident)k
72inputs+0outputs (0major+69765minor)pagefaults 0swaps
time boogie /z3opt:smt.RELEVANCY=0 /z3opt:smt.CASE_SPLIT=0 /errorLimit:1  /xml:build/CacheConfidentialityProof.xml Types.bpl ../Common/Types.bpl ../Common/Cache.bpl CPU.bpl ConfidentialityProof.bpl ProofCommon.bpl CacheConfidentialityProof.bpl
Boogie program verifier version 2.3.0.61016, Copyright (c) 2003-2014, Microsoft.

Boogie program verifier finished with 1 verified, 0 errors
62.94user 0.14system 1:03.38elapsed 99%CPU (0avgtext+0avgdata 292028maxresident)k
40inputs+0outputs (0major+80445minor)pagefaults 0swaps
time boogie /z3opt:smt.RELEVANCY=0 /z3opt:smt.CASE_SPLIT=0 /errorLimit:1  /xml:build/PTConfidentialityProof.xml Types.bpl ../Common/Types.bpl ../Common/Cache.bpl CPU.bpl ConfidentialityProof.bpl ProofCommon.bpl PTConfidentialityProof.bpl
Boogie program verifier version 2.3.0.61016, Copyright (c) 2003-2014, Microsoft.

Boogie program verifier finished with 1 verified, 0 errors
100.51user 0.16system 1:41.04elapsed 99%CPU (0avgtext+0avgdata 465244maxresident)k
40inputs+0outputs (0major+104863minor)pagefaults 0swaps
time boogie /z3opt:smt.RELEVANCY=0 /z3opt:smt.CASE_SPLIT=0 /errorLimit:1  /xml:build/MeasurementProof.xml MeasurementProof.bpl Measure.bpl ProofCommon.bpl CPU.bpl Types.bpl ../Common/Types.bpl ../Common/Cache.bpl
Boogie program verifier version 2.3.0.61016, Copyright (c) 2003-2014, Microsoft.

Boogie program verifier finished with 4 verified, 0 errors
6.30user 0.06system 0:06.48elapsed 98%CPU (0avgtext+0avgdata 79652maxresident)k
80inputs+0outputs (0major+37406minor)pagefaults 0swaps
