time boogie /z3opt:smt.RELEVANCY=0 /z3opt:smt.CASE_SPLIT=0 /errorLimit:1  /xml:build/CPU.xml Types.bpl ../Common/Types.bpl ../Common/Cache.bpl CPU.bpl CPUImpl.bpl
Boogie program verifier version 2.3.0.61016, Copyright (c) 2003-2014, Microsoft.

Boogie program verifier finished with 10 verified, 0 errors
2.02user 0.04system 0:02.44elapsed 84%CPU (0avgtext+0avgdata 60428maxresident)k
--

0inputs+0outputs (0major+18110minor)pagefaults 0swaps
time boogie /z3opt:smt.RELEVANCY=0 /z3opt:smt.CASE_SPLIT=0 /errorLimit:1  /xml:build/Measure.xml Measure.bpl ProofCommon.bpl CPU.bpl Types.bpl ../Common/Types.bpl ../Common/Cache.bpl
Boogie program verifier version 2.3.0.61016, Copyright (c) 2003-2014, Microsoft.

Boogie program verifier finished with 2 verified, 0 errors
1.05user 0.02system 0:01.44elapsed 75%CPU (0avgtext+0avgdata 57552maxresident)k
--

0inputs+0outputs (0major+13439minor)pagefaults 0swaps
time boogie /z3opt:smt.RELEVANCY=0 /z3opt:smt.CASE_SPLIT=0 /errorLimit:1  /xml:build/ProofCommon.xml ProofCommon.bpl CPU.bpl Types.bpl ../Common/Types.bpl ../Common/Cache.bpl ImplCommon.bpl
Boogie program verifier version 2.3.0.61016, Copyright (c) 2003-2014, Microsoft.

Boogie program verifier finished with 2 verified, 0 errors
2.99user 0.03system 0:03.45elapsed 87%CPU (0avgtext+0avgdata 63724maxresident)k
--

0inputs+0outputs (0major+24053minor)pagefaults 0swaps
time boogie /z3opt:smt.RELEVANCY=0 /z3opt:smt.CASE_SPLIT=0 /errorLimit:1  /xml:build/IntegrityProof.xml Types.bpl ../Common/Types.bpl ../Common/Cache.bpl CPU.bpl IntegrityProof.bpl ProofCommon.bpl
Boogie program verifier version 2.3.0.61016, Copyright (c) 2003-2014, Microsoft.

Boogie program verifier finished with 3 verified, 0 errors
13.84user 0.06system 0:14.01elapsed 99%CPU (0avgtext+0avgdata 119000maxresident)k
--

0inputs+0outputs (0major+43096minor)pagefaults 0swaps
time boogie /z3opt:smt.RELEVANCY=0 /z3opt:smt.CASE_SPLIT=0 /errorLimit:1  /xml:build/ConfidentialityProof.xml Types.bpl ../Common/Types.bpl ../Common/Cache.bpl CPU.bpl ConfidentialityProof.bpl ProofCommon.bpl
Boogie program verifier version 2.3.0.61016, Copyright (c) 2003-2014, Microsoft.

Boogie program verifier finished with 1 verified, 0 errors
27.65user 0.08system 0:28.07elapsed 98%CPU (0avgtext+0avgdata 124940maxresident)k
--

0inputs+0outputs (0major+47209minor)pagefaults 0swaps
time boogie /z3opt:smt.RELEVANCY=0 /z3opt:smt.CASE_SPLIT=0 /errorLimit:1  /xml:build/MeasurementProof.xml MeasurementProof.bpl Measure.bpl ProofCommon.bpl CPU.bpl Types.bpl ../Common/Types.bpl ../Common/Cache.bpl
Boogie program verifier version 2.3.0.61016, Copyright (c) 2003-2014, Microsoft.

Boogie program verifier finished with 5 verified, 0 errors
27.08user 0.09system 0:27.50elapsed 98%CPU (0avgtext+0avgdata 153004maxresident)k
0inputs+0outputs (0major+53985minor)pagefaults 0swaps
--
 
